<?xml version="1.0" encoding="UTF-8"?>
<coverage generated="1674763310045" clover="3.2.0">
  <project timestamp="1674763310045" name="All files">
    <metrics statements="90" coveredstatements="49" conditionals="22" coveredconditionals="12" methods="30" coveredmethods="15" elements="142" coveredelements="76" complexity="0" loc="90" ncloc="90" packages="1" files="1" classes="1"/>
    <file name="ToDos.js" path="C:\Users\jorge\docs\projects\microverse\todo_list\src\modules\ToDos.js">
      <metrics statements="90" coveredstatements="49" conditionals="22" coveredconditionals="12" methods="30" coveredmethods="15"/>
      <line num="8" count="1" type="stmt"/>
      <line num="9" count="1" type="cond" truecount="2" falsecount="0"/>
      <line num="10" count="1" type="cond" truecount="1" falsecount="1"/>
      <line num="11" count="0" type="stmt"/>
      <line num="13" count="1" type="stmt"/>
      <line num="15" count="1" type="stmt"/>
      <line num="16" count="0" type="stmt"/>
      <line num="21" count="0" type="stmt"/>
      <line num="22" count="0" type="stmt"/>
      <line num="23" count="0" type="stmt"/>
      <line num="25" count="0" type="stmt"/>
      <line num="26" count="0" type="stmt"/>
      <line num="30" count="0" type="stmt"/>
      <line num="31" count="0" type="stmt"/>
      <line num="32" count="0" type="stmt"/>
      <line num="35" count="0" type="stmt"/>
      <line num="36" count="0" type="stmt"/>
      <line num="37" count="0" type="stmt"/>
      <line num="38" count="0" type="stmt"/>
      <line num="39" count="0" type="stmt"/>
      <line num="41" count="0" type="stmt"/>
      <line num="42" count="0" type="stmt"/>
      <line num="43" count="0" type="stmt"/>
      <line num="47" count="8" type="stmt"/>
      <line num="51" count="1" type="stmt"/>
      <line num="52" count="3" type="cond" truecount="2" falsecount="0"/>
      <line num="53" count="1" type="stmt"/>
      <line num="59" count="2" type="stmt"/>
      <line num="60" count="2" type="stmt"/>
      <line num="65" count="0" type="stmt"/>
      <line num="66" count="0" type="stmt"/>
      <line num="67" count="0" type="stmt"/>
      <line num="68" count="0" type="stmt"/>
      <line num="70" count="0" type="stmt"/>
      <line num="71" count="0" type="stmt"/>
      <line num="72" count="0" type="stmt"/>
      <line num="76" count="1" type="stmt"/>
      <line num="77" count="1" type="cond" truecount="1" falsecount="1"/>
      <line num="78" count="1" type="stmt"/>
      <line num="81" count="1" type="stmt"/>
      <line num="82" count="1" type="cond" truecount="1" falsecount="1"/>
      <line num="83" count="1" type="stmt"/>
      <line num="84" count="1" type="stmt"/>
      <line num="85" count="1" type="stmt"/>
      <line num="87" count="0" type="stmt"/>
      <line num="88" count="0" type="stmt"/>
      <line num="92" count="0" type="stmt"/>
      <line num="93" count="0" type="stmt"/>
      <line num="94" count="0" type="stmt"/>
      <line num="98" count="1" type="stmt"/>
      <line num="99" count="1" type="stmt"/>
      <line num="100" count="1" type="cond" truecount="1" falsecount="1"/>
      <line num="101" count="1" type="stmt"/>
      <line num="102" count="1" type="cond" truecount="1" falsecount="1"/>
      <line num="103" count="0" type="stmt"/>
      <line num="107" count="1" type="cond" truecount="1" falsecount="1"/>
      <line num="108" count="0" type="stmt"/>
      <line num="110" count="1" type="stmt"/>
      <line num="111" count="1" type="stmt"/>
      <line num="115" count="4" type="stmt"/>
      <line num="116" count="2" type="stmt"/>
      <line num="117" count="2" type="stmt"/>
      <line num="118" count="2" type="stmt"/>
      <line num="119" count="2" type="stmt"/>
      <line num="123" count="4" type="stmt"/>
      <line num="124" count="0" type="stmt"/>
      <line num="126" count="4" type="stmt"/>
      <line num="127" count="0" type="stmt"/>
      <line num="129" count="4" type="stmt"/>
      <line num="130" count="0" type="cond" truecount="0" falsecount="4"/>
      <line num="131" count="0" type="stmt"/>
      <line num="133" count="4" type="stmt"/>
      <line num="134" count="0" type="stmt"/>
      <line num="137" count="4" type="stmt"/>
      <line num="138" count="0" type="stmt"/>
      <line num="139" count="0" type="stmt"/>
      <line num="142" count="4" type="stmt"/>
      <line num="143" count="0" type="stmt"/>
      <line num="144" count="0" type="stmt"/>
      <line num="149" count="4" type="stmt"/>
      <line num="150" count="4" type="stmt"/>
      <line num="151" count="4" type="stmt"/>
      <line num="152" count="4" type="stmt"/>
      <line num="153" count="4" type="stmt"/>
      <line num="154" count="4" type="stmt"/>
      <line num="158" count="4" type="stmt"/>
      <line num="159" count="4" type="stmt"/>
      <line num="160" count="4" type="stmt"/>
      <line num="161" count="64" type="stmt"/>
      <line num="163" count="4" type="stmt"/>
    </file>
  </project>
</coverage>
