{"C:\\Users\\KenSteph\\Desktop\\MICROVERSE\\EXERCICES\\MODULE 2\\TESTING\\todo_list\\src\\modules\\ToDos.js": {"path":"C:\\Users\\KenSteph\\Desktop\\MICROVERSE\\EXERCICES\\MODULE 2\\TESTING\\todo_list\\src\\modules\\ToDos.js","statementMap":{"0":{"start":{"line":8,"column":4},"end":{"line":8,"column":31}},"1":{"start":{"line":9,"column":4},"end":{"line":9,"column":65}},"2":{"start":{"line":10,"column":4},"end":{"line":12,"column":5}},"3":{"start":{"line":11,"column":6},"end":{"line":11,"column":26}},"4":{"start":{"line":13,"column":4},"end":{"line":13,"column":31}},"5":{"start":{"line":15,"column":4},"end":{"line":17,"column":7}},"6":{"start":{"line":16,"column":6},"end":{"line":16,"column":34}},"7":{"start":{"line":21,"column":20},"end":{"line":21,"column":48}},"8":{"start":{"line":22,"column":4},"end":{"line":24,"column":7}},"9":{"start":{"line":23,"column":6},"end":{"line":23,"column":20}},"10":{"start":{"line":25,"column":4},"end":{"line":25,"column":20}},"11":{"start":{"line":26,"column":4},"end":{"line":26,"column":23}},"12":{"start":{"line":30,"column":22},"end":{"line":30,"column":24}},"13":{"start":{"line":31,"column":21},"end":{"line":31,"column":54}},"14":{"start":{"line":32,"column":4},"end":{"line":40,"column":7}},"15":{"start":{"line":35,"column":23},"end":{"line":35,"column":66}},"16":{"start":{"line":36,"column":6},"end":{"line":36,"column":31}},"17":{"start":{"line":37,"column":23},"end":{"line":37,"column":44}},"18":{"start":{"line":38,"column":6},"end":{"line":38,"column":31}},"19":{"start":{"line":39,"column":6},"end":{"line":39,"column":37}},"20":{"start":{"line":41,"column":4},"end":{"line":41,"column":41}},"21":{"start":{"line":42,"column":4},"end":{"line":42,"column":27}},"22":{"start":{"line":43,"column":4},"end":{"line":43,"column":23}},"23":{"start":{"line":47,"column":4},"end":{"line":47,"column":62}},"24":{"start":{"line":51,"column":4},"end":{"line":55,"column":7}},"25":{"start":{"line":52,"column":6},"end":{"line":54,"column":7}},"26":{"start":{"line":53,"column":8},"end":{"line":53,"column":65}},"27":{"start":{"line":59,"column":4},"end":{"line":61,"column":7}},"28":{"start":{"line":60,"column":6},"end":{"line":60,"column":29}},"29":{"start":{"line":65,"column":20},"end":{"line":65,"column":48}},"30":{"start":{"line":66,"column":20},"end":{"line":66,"column":22}},"31":{"start":{"line":67,"column":4},"end":{"line":69,"column":7}},"32":{"start":{"line":68,"column":6},"end":{"line":68,"column":64}},"33":{"start":{"line":68,"column":47},"end":{"line":68,"column":61}},"34":{"start":{"line":70,"column":4},"end":{"line":70,"column":25}},"35":{"start":{"line":71,"column":4},"end":{"line":71,"column":20}},"36":{"start":{"line":72,"column":4},"end":{"line":72,"column":23}},"37":{"start":{"line":76,"column":4},"end":{"line":80,"column":7}},"38":{"start":{"line":77,"column":6},"end":{"line":79,"column":7}},"39":{"start":{"line":78,"column":8},"end":{"line":78,"column":42}},"40":{"start":{"line":81,"column":4},"end":{"line":81,"column":23}},"41":{"start":{"line":82,"column":4},"end":{"line":86,"column":5}},"42":{"start":{"line":83,"column":6},"end":{"line":83,"column":40}},"43":{"start":{"line":84,"column":6},"end":{"line":84,"column":74}},"44":{"start":{"line":85,"column":6},"end":{"line":85,"column":13}},"45":{"start":{"line":87,"column":4},"end":{"line":87,"column":75}},"46":{"start":{"line":88,"column":4},"end":{"line":88,"column":41}},"47":{"start":{"line":92,"column":4},"end":{"line":92,"column":38}},"48":{"start":{"line":93,"column":4},"end":{"line":93,"column":40}},"49":{"start":{"line":94,"column":4},"end":{"line":94,"column":30}},"50":{"start":{"line":98,"column":4},"end":{"line":98,"column":41}},"51":{"start":{"line":99,"column":4},"end":{"line":106,"column":7}},"52":{"start":{"line":100,"column":6},"end":{"line":105,"column":7}},"53":{"start":{"line":101,"column":8},"end":{"line":101,"column":42}},"54":{"start":{"line":102,"column":8},"end":{"line":104,"column":9}},"55":{"start":{"line":103,"column":10},"end":{"line":103,"column":43}},"56":{"start":{"line":107,"column":4},"end":{"line":109,"column":5}},"57":{"start":{"line":108,"column":6},"end":{"line":108,"column":24}},"58":{"start":{"line":110,"column":4},"end":{"line":110,"column":23}},"59":{"start":{"line":111,"column":4},"end":{"line":111,"column":31}},"60":{"start":{"line":115,"column":21},"end":{"line":115,"column":66}},"61":{"start":{"line":115,"column":51},"end":{"line":115,"column":65}},"62":{"start":{"line":116,"column":4},"end":{"line":116,"column":26}},"63":{"start":{"line":117,"column":4},"end":{"line":117,"column":20}},"64":{"start":{"line":118,"column":4},"end":{"line":118,"column":18}},"65":{"start":{"line":119,"column":4},"end":{"line":119,"column":23}},"66":{"start":{"line":123,"column":4},"end":{"line":125,"column":7}},"67":{"start":{"line":124,"column":6},"end":{"line":124,"column":31}},"68":{"start":{"line":126,"column":4},"end":{"line":128,"column":7}},"69":{"start":{"line":127,"column":6},"end":{"line":127,"column":33}},"70":{"start":{"line":129,"column":4},"end":{"line":132,"column":7}},"71":{"start":{"line":130,"column":6},"end":{"line":130,"column":90}},"72":{"start":{"line":130,"column":83},"end":{"line":130,"column":90}},"73":{"start":{"line":131,"column":6},"end":{"line":131,"column":34}},"74":{"start":{"line":133,"column":4},"end":{"line":135,"column":7}},"75":{"start":{"line":134,"column":6},"end":{"line":134,"column":24}},"76":{"start":{"line":137,"column":4},"end":{"line":140,"column":7}},"77":{"start":{"line":138,"column":6},"end":{"line":138,"column":68}},"78":{"start":{"line":139,"column":6},"end":{"line":139,"column":25}},"79":{"start":{"line":142,"column":4},"end":{"line":145,"column":7}},"80":{"start":{"line":143,"column":6},"end":{"line":143,"column":20}},"81":{"start":{"line":144,"column":6},"end":{"line":144,"column":28}},"82":{"start":{"line":149,"column":17},"end":{"line":149,"column":87}},"83":{"start":{"line":150,"column":4},"end":{"line":150,"column":26}},"84":{"start":{"line":151,"column":21},"end":{"line":151,"column":38}},"85":{"start":{"line":152,"column":4},"end":{"line":152,"column":29}},"86":{"start":{"line":153,"column":4},"end":{"line":153,"column":41}},"87":{"start":{"line":154,"column":4},"end":{"line":154,"column":23}},"88":{"start":{"line":158,"column":13},"end":{"line":158,"column":16}},"89":{"start":{"line":159,"column":18},"end":{"line":159,"column":82}},"90":{"start":{"line":160,"column":4},"end":{"line":162,"column":5}},"91":{"start":{"line":160,"column":17},"end":{"line":160,"column":18}},"92":{"start":{"line":161,"column":6},"end":{"line":161,"column":67}},"93":{"start":{"line":163,"column":4},"end":{"line":163,"column":14}}},"fnMap":{"0":{"name":"(anonymous_0)","decl":{"start":{"line":7,"column":2},"end":{"line":7,"column":3}},"loc":{"start":{"line":7,"column":25},"end":{"line":18,"column":3}},"line":7},"1":{"name":"(anonymous_1)","decl":{"start":{"line":15,"column":48},"end":{"line":15,"column":49}},"loc":{"start":{"line":15,"column":55},"end":{"line":17,"column":5}},"line":15},"2":{"name":"(anonymous_2)","decl":{"start":{"line":20,"column":2},"end":{"line":20,"column":3}},"loc":{"start":{"line":20,"column":14},"end":{"line":27,"column":3}},"line":20},"3":{"name":"(anonymous_3)","decl":{"start":{"line":22,"column":20},"end":{"line":22,"column":21}},"loc":{"start":{"line":22,"column":30},"end":{"line":24,"column":5}},"line":22},"4":{"name":"(anonymous_4)","decl":{"start":{"line":29,"column":2},"end":{"line":29,"column":3}},"loc":{"start":{"line":29,"column":17},"end":{"line":44,"column":3}},"line":29},"5":{"name":"(anonymous_5)","decl":{"start":{"line":32,"column":23},"end":{"line":32,"column":24}},"loc":{"start":{"line":34,"column":10},"end":{"line":40,"column":5}},"line":34},"6":{"name":"(anonymous_6)","decl":{"start":{"line":46,"column":2},"end":{"line":46,"column":3}},"loc":{"start":{"line":46,"column":16},"end":{"line":48,"column":3}},"line":46},"7":{"name":"(anonymous_7)","decl":{"start":{"line":50,"column":2},"end":{"line":50,"column":3}},"loc":{"start":{"line":50,"column":19},"end":{"line":56,"column":3}},"line":50},"8":{"name":"(anonymous_8)","decl":{"start":{"line":51,"column":23},"end":{"line":51,"column":24}},"loc":{"start":{"line":51,"column":33},"end":{"line":55,"column":5}},"line":51},"9":{"name":"(anonymous_9)","decl":{"start":{"line":58,"column":2},"end":{"line":58,"column":3}},"loc":{"start":{"line":58,"column":13},"end":{"line":62,"column":3}},"line":58},"10":{"name":"(anonymous_10)","decl":{"start":{"line":59,"column":23},"end":{"line":59,"column":24}},"loc":{"start":{"line":59,"column":40},"end":{"line":61,"column":5}},"line":59},"11":{"name":"(anonymous_11)","decl":{"start":{"line":64,"column":2},"end":{"line":64,"column":3}},"loc":{"start":{"line":64,"column":19},"end":{"line":73,"column":3}},"line":64},"12":{"name":"(anonymous_12)","decl":{"start":{"line":67,"column":20},"end":{"line":67,"column":21}},"loc":{"start":{"line":67,"column":30},"end":{"line":69,"column":5}},"line":67},"13":{"name":"(anonymous_13)","decl":{"start":{"line":68,"column":35},"end":{"line":68,"column":36}},"loc":{"start":{"line":68,"column":47},"end":{"line":68,"column":61}},"line":68},"14":{"name":"(anonymous_14)","decl":{"start":{"line":75,"column":2},"end":{"line":75,"column":3}},"loc":{"start":{"line":75,"column":21},"end":{"line":89,"column":3}},"line":75},"15":{"name":"(anonymous_15)","decl":{"start":{"line":76,"column":23},"end":{"line":76,"column":24}},"loc":{"start":{"line":76,"column":36},"end":{"line":80,"column":5}},"line":76},"16":{"name":"(anonymous_16)","decl":{"start":{"line":91,"column":2},"end":{"line":91,"column":3}},"loc":{"start":{"line":91,"column":23},"end":{"line":95,"column":3}},"line":91},"17":{"name":"(anonymous_17)","decl":{"start":{"line":97,"column":2},"end":{"line":97,"column":3}},"loc":{"start":{"line":97,"column":24},"end":{"line":112,"column":3}},"line":97},"18":{"name":"(anonymous_18)","decl":{"start":{"line":99,"column":23},"end":{"line":99,"column":24}},"loc":{"start":{"line":99,"column":36},"end":{"line":106,"column":5}},"line":99},"19":{"name":"(anonymous_19)","decl":{"start":{"line":114,"column":2},"end":{"line":114,"column":3}},"loc":{"start":{"line":114,"column":15},"end":{"line":120,"column":3}},"line":114},"20":{"name":"(anonymous_20)","decl":{"start":{"line":115,"column":39},"end":{"line":115,"column":40}},"loc":{"start":{"line":115,"column":51},"end":{"line":115,"column":65}},"line":115},"21":{"name":"(anonymous_21)","decl":{"start":{"line":122,"column":2},"end":{"line":122,"column":3}},"loc":{"start":{"line":122,"column":18},"end":{"line":146,"column":3}},"line":122},"22":{"name":"(anonymous_22)","decl":{"start":{"line":123,"column":76},"end":{"line":123,"column":77}},"loc":{"start":{"line":123,"column":92},"end":{"line":125,"column":5}},"line":123},"23":{"name":"(anonymous_23)","decl":{"start":{"line":126,"column":73},"end":{"line":126,"column":74}},"loc":{"start":{"line":126,"column":89},"end":{"line":128,"column":5}},"line":126},"24":{"name":"(anonymous_24)","decl":{"start":{"line":129,"column":74},"end":{"line":129,"column":75}},"loc":{"start":{"line":129,"column":105},"end":{"line":132,"column":5}},"line":129},"25":{"name":"(anonymous_25)","decl":{"start":{"line":133,"column":63},"end":{"line":133,"column":64}},"loc":{"start":{"line":133,"column":69},"end":{"line":135,"column":5}},"line":133},"26":{"name":"(anonymous_26)","decl":{"start":{"line":137,"column":39},"end":{"line":137,"column":40}},"loc":{"start":{"line":137,"column":46},"end":{"line":140,"column":5}},"line":137},"27":{"name":"(anonymous_27)","decl":{"start":{"line":142,"column":37},"end":{"line":142,"column":38}},"loc":{"start":{"line":142,"column":43},"end":{"line":145,"column":5}},"line":142},"28":{"name":"(anonymous_28)","decl":{"start":{"line":148,"column":2},"end":{"line":148,"column":3}},"loc":{"start":{"line":148,"column":38},"end":{"line":155,"column":3}},"line":148},"29":{"name":"(anonymous_29)","decl":{"start":{"line":157,"column":2},"end":{"line":157,"column":3}},"loc":{"start":{"line":157,"column":30},"end":{"line":164,"column":3}},"line":157}},"branchMap":{"0":{"loc":{"start":{"line":9,"column":17},"end":{"line":9,"column":64}},"type":"binary-expr","locations":[{"start":{"line":9,"column":17},"end":{"line":9,"column":58}},{"start":{"line":9,"column":62},"end":{"line":9,"column":64}}],"line":9},"1":{"loc":{"start":{"line":10,"column":4},"end":{"line":12,"column":5}},"type":"if","locations":[{"start":{"line":10,"column":4},"end":{"line":12,"column":5}},{"start":{},"end":{}}],"line":10},"2":{"loc":{"start":{"line":52,"column":6},"end":{"line":54,"column":7}},"type":"if","locations":[{"start":{"line":52,"column":6},"end":{"line":54,"column":7}},{"start":{},"end":{}}],"line":52},"3":{"loc":{"start":{"line":77,"column":6},"end":{"line":79,"column":7}},"type":"if","locations":[{"start":{"line":77,"column":6},"end":{"line":79,"column":7}},{"start":{},"end":{}}],"line":77},"4":{"loc":{"start":{"line":82,"column":4},"end":{"line":86,"column":5}},"type":"if","locations":[{"start":{"line":82,"column":4},"end":{"line":86,"column":5}},{"start":{},"end":{}}],"line":82},"5":{"loc":{"start":{"line":100,"column":6},"end":{"line":105,"column":7}},"type":"if","locations":[{"start":{"line":100,"column":6},"end":{"line":105,"column":7}},{"start":{},"end":{}}],"line":100},"6":{"loc":{"start":{"line":102,"column":8},"end":{"line":104,"column":9}},"type":"if","locations":[{"start":{"line":102,"column":8},"end":{"line":104,"column":9}},{"start":{},"end":{}}],"line":102},"7":{"loc":{"start":{"line":107,"column":4},"end":{"line":109,"column":5}},"type":"if","locations":[{"start":{"line":107,"column":4},"end":{"line":109,"column":5}},{"start":{},"end":{}}],"line":107},"8":{"loc":{"start":{"line":130,"column":6},"end":{"line":130,"column":90}},"type":"if","locations":[{"start":{"line":130,"column":6},"end":{"line":130,"column":90}},{"start":{},"end":{}}],"line":130},"9":{"loc":{"start":{"line":130,"column":10},"end":{"line":130,"column":81}},"type":"binary-expr","locations":[{"start":{"line":130,"column":10},"end":{"line":130,"column":32}},{"start":{"line":130,"column":36},"end":{"line":130,"column":81}}],"line":130},"10":{"loc":{"start":{"line":148,"column":19},"end":{"line":148,"column":36}},"type":"default-arg","locations":[{"start":{"line":148,"column":31},"end":{"line":148,"column":36}}],"line":148},"11":{"loc":{"start":{"line":157,"column":15},"end":{"line":157,"column":28}},"type":"default-arg","locations":[{"start":{"line":157,"column":26},"end":{"line":157,"column":28}}],"line":157}},"s":{"0":1,"1":1,"2":1,"3":0,"4":1,"5":1,"6":0,"7":0,"8":0,"9":0,"10":0,"11":0,"12":0,"13":0,"14":0,"15":0,"16":0,"17":0,"18":0,"19":0,"20":0,"21":0,"22":0,"23":2,"24":0,"25":0,"26":0,"27":1,"28":0,"29":0,"30":0,"31":0,"32":0,"33":0,"34":0,"35":0,"36":0,"37":0,"38":0,"39":0,"40":0,"41":0,"42":0,"43":0,"44":0,"45":0,"46":0,"47":0,"48":0,"49":0,"50":0,"51":0,"52":0,"53":0,"54":0,"55":0,"56":0,"57":0,"58":0,"59":0,"60":1,"61":1,"62":1,"63":1,"64":1,"65":1,"66":1,"67":0,"68":1,"69":0,"70":1,"71":0,"72":0,"73":0,"74":1,"75":0,"76":1,"77":0,"78":0,"79":1,"80":0,"81":0,"82":1,"83":1,"84":1,"85":1,"86":1,"87":1,"88":1,"89":1,"90":1,"91":1,"92":16,"93":1},"f":{"0":1,"1":0,"2":0,"3":0,"4":0,"5":0,"6":2,"7":0,"8":0,"9":1,"10":0,"11":0,"12":0,"13":0,"14":0,"15":0,"16":0,"17":0,"18":0,"19":1,"20":1,"21":1,"22":0,"23":0,"24":0,"25":0,"26":0,"27":0,"28":1,"29":1},"b":{"0":[1,1],"1":[0,1],"2":[0,0],"3":[0,0],"4":[0,0],"5":[0,0],"6":[0,0],"7":[0,0],"8":[0,0],"9":[0,0],"10":[1],"11":[1]},"_coverageSchema":"1a1c01bbd47fc00a2c39e90264f33305004495a9","hash":"68e35b1e484ebf9bde7208476f0532e13f002d62"}
}
