TN:
SF:src\modules\ToDos.js
FN:7,(anonymous_0)
FN:15,(anonymous_1)
FN:20,(anonymous_2)
FN:22,(anonymous_3)
FN:29,(anonymous_4)
FN:32,(anonymous_5)
FN:46,(anonymous_6)
FN:50,(anonymous_7)
FN:51,(anonymous_8)
FN:58,(anonymous_9)
FN:59,(anonymous_10)
FN:64,(anonymous_11)
FN:67,(anonymous_12)
FN:68,(anonymous_13)
FN:75,(anonymous_14)
FN:76,(anonymous_15)
FN:91,(anonymous_16)
FN:97,(anonymous_17)
FN:99,(anonymous_18)
FN:114,(anonymous_19)
FN:115,(anonymous_20)
FN:122,(anonymous_21)
FN:123,(anonymous_22)
FN:126,(anonymous_23)
FN:129,(anonymous_24)
FN:133,(anonymous_25)
FN:137,(anonymous_26)
FN:142,(anonymous_27)
FN:148,(anonymous_28)
FN:157,(anonymous_29)
FNF:30
FNH:15
FNDA:1,(anonymous_0)
FNDA:0,(anonymous_1)
FNDA:0,(anonymous_2)
FNDA:0,(anonymous_3)
FNDA:0,(anonymous_4)
FNDA:0,(anonymous_5)
FNDA:6,(anonymous_6)
FNDA:1,(anonymous_7)
FNDA:3,(anonymous_8)
FNDA:1,(anonymous_9)
FNDA:2,(anonymous_10)
FNDA:0,(anonymous_11)
FNDA:0,(anonymous_12)
FNDA:0,(anonymous_13)
FNDA:1,(anonymous_14)
FNDA:1,(anonymous_15)
FNDA:0,(anonymous_16)
FNDA:1,(anonymous_17)
FNDA:1,(anonymous_18)
FNDA:1,(anonymous_19)
FNDA:3,(anonymous_20)
FNDA:3,(anonymous_21)
FNDA:0,(anonymous_22)
FNDA:0,(anonymous_23)
FNDA:0,(anonymous_24)
FNDA:0,(anonymous_25)
FNDA:0,(anonymous_26)
FNDA:0,(anonymous_27)
FNDA:3,(anonymous_28)
FNDA:3,(anonymous_29)
DA:8,1
DA:9,1
DA:10,1
DA:11,0
DA:13,1
DA:15,1
DA:16,0
DA:21,0
DA:22,0
DA:23,0
DA:25,0
DA:26,0
DA:30,0
DA:31,0
DA:32,0
DA:35,0
DA:36,0
DA:37,0
DA:38,0
DA:39,0
DA:41,0
DA:42,0
DA:43,0
DA:47,6
DA:51,1
DA:52,3
DA:53,1
DA:59,1
DA:60,2
DA:65,0
DA:66,0
DA:67,0
DA:68,0
DA:70,0
DA:71,0
DA:72,0
DA:76,1
DA:77,1
DA:78,1
DA:81,1
DA:82,1
DA:83,1
DA:84,1
DA:85,1
DA:87,0
DA:88,0
DA:92,0
DA:93,0
DA:94,0
DA:98,1
DA:99,1
DA:100,1
DA:101,1
DA:102,1
DA:103,0
DA:107,1
DA:108,0
DA:110,1
DA:111,1
DA:115,3
DA:116,1
DA:117,1
DA:118,1
DA:119,1
DA:123,3
DA:124,0
DA:126,3
DA:127,0
DA:129,3
DA:130,0
DA:131,0
DA:133,3
DA:134,0
DA:137,3
DA:138,0
DA:139,0
DA:142,3
DA:143,0
DA:144,0
DA:149,3
DA:150,3
DA:151,3
DA:152,3
DA:153,3
DA:154,3
DA:158,3
DA:159,3
DA:160,3
DA:161,48
DA:163,3
LF:90
LH:49
BRDA:9,0,0,1
BRDA:9,0,1,1
BRDA:10,1,0,0
BRDA:10,1,1,1
BRDA:52,2,0,1
BRDA:52,2,1,2
BRDA:77,3,0,1
BRDA:77,3,1,0
BRDA:82,4,0,1
BRDA:82,4,1,0
BRDA:100,5,0,1
BRDA:100,5,1,0
BRDA:102,6,0,0
BRDA:102,6,1,1
BRDA:107,7,0,0
BRDA:107,7,1,1
BRDA:130,8,0,0
BRDA:130,8,1,0
BRDA:130,9,0,0
BRDA:130,9,1,0
BRDA:148,10,0,3
BRDA:157,11,0,3
BRF:22
BRH:12
end_of_record
